[
  {
    "line": 1,
    "elements": [
      {
        "line": 9,
        "name": "Smoke Testing",
        "description": "",
        "id": "sit-testing;smoke-testing;;2",
        "type": "scenario",
        "keyword": "Scenario Outline",
        "steps": [
          {
            "result": {
              "duration": 28318904339,
              "status": "passed"
            },
            "line": 3,
            "name": "Open browser and Login page",
            "match": {
              "location": "CucustepsMyn.open_browser_and_Login_page()"
            },
            "keyword": "Given "
          },
          {
            "result": {
              "error_message": "org.openqa.selenium.NoSuchElementException: no such element: Unable to locate element: {\"method\":\"xpath\",\"selector\":\"//input[@id\u003d\u0027u_0_6\u0027]\"}\n  (Session info: chrome\u003d76.0.3809.87)\nFor documentation on this error, please visit: http://seleniumhq.org/exceptions/no_such_element.html\nBuild info: version: \u00273.141.5\u0027, revision: \u0027d54ebd709a\u0027, time: \u00272018-11-06T11:42:16\u0027\nSystem info: host: \u0027JOEL-PC\u0027, ip: \u0027192.168.56.1\u0027, os.name: \u0027Windows 7\u0027, os.arch: \u0027amd64\u0027, os.version: \u00276.1\u0027, java.version: \u00271.8.0_171\u0027\nDriver info: org.openqa.selenium.chrome.ChromeDriver\nCapabilities {acceptInsecureCerts: false, browserName: chrome, browserVersion: 76.0.3809.87, chrome: {chromedriverVersion: 76.0.3809.126 (d80a294506b4..., userDataDir: C:\\Users\\JOELSU~1\\AppData\\L...}, goog:chromeOptions: {debuggerAddress: localhost:51381}, javascriptEnabled: true, networkConnectionEnabled: false, pageLoadStrategy: normal, platform: XP, platformName: XP, proxy: Proxy(), setWindowRect: true, strictFileInteractability: false, timeouts: {implicit: 0, pageLoad: 300000, script: 30000}, unhandledPromptBehavior: dismiss and notify}\nSession ID: 699f3aef135a5065eb10380333aadbee\n*** Element info: {Using\u003dxpath, value\u003d//input[@id\u003d\u0027u_0_6\u0027]}\r\n\tat sun.reflect.NativeConstructorAccessorImpl.newInstance0(Native Method)\r\n\tat sun.reflect.NativeConstructorAccessorImpl.newInstance(Unknown Source)\r\n\tat sun.reflect.DelegatingConstructorAccessorImpl.newInstance(Unknown Source)\r\n\tat java.lang.reflect.Constructor.newInstance(Unknown Source)\r\n\tat org.openqa.selenium.remote.http.W3CHttpResponseCodec.createException(W3CHttpResponseCodec.java:187)\r\n\tat org.openqa.selenium.remote.http.W3CHttpResponseCodec.decode(W3CHttpResponseCodec.java:122)\r\n\tat org.openqa.selenium.remote.http.W3CHttpResponseCodec.decode(W3CHttpResponseCodec.java:49)\r\n\tat org.openqa.selenium.remote.HttpCommandExecutor.execute(HttpCommandExecutor.java:158)\r\n\tat org.openqa.selenium.remote.service.DriverCommandExecutor.execute(DriverCommandExecutor.java:83)\r\n\tat org.openqa.selenium.remote.RemoteWebDriver.execute(RemoteWebDriver.java:552)\r\n\tat org.openqa.selenium.remote.RemoteWebDriver.findElement(RemoteWebDriver.java:323)\r\n\tat org.openqa.selenium.remote.RemoteWebDriver.findElementByXPath(RemoteWebDriver.java:428)\r\n\tat org.openqa.selenium.By$ByXPath.findElement(By.java:353)\r\n\tat org.openqa.selenium.remote.RemoteWebDriver.findElement(RemoteWebDriver.java:315)\r\n\tat CucumSteps.CucustepsMyn.enter_the_and(CucustepsMyn.java:30)\r\n\tat ✽.Enter the \"Sumanth1\" and \"password\"(MyFeatureFiles/MyCucum.feature:4)\r\n",
              "duration": 1053881353,
              "status": "failed"
            },
            "line": 4,
            "name": "Enter the \"Sumanth1\" and \"password\"",
            "match": {
              "arguments": [
                {
                  "val": "\"Sumanth1\"",
                  "offset": 10
                },
                {
                  "val": "password",
                  "offset": 26
                }
              ],
              "location": "CucustepsMyn.enter_the_and(String,String)"
            },
            "keyword": "When "
          },
          {
            "result": {
              "status": "skipped"
            },
            "line": 5,
            "name": "Successful Login",
            "match": {
              "location": "CucustepsMyn.successful_Login()"
            },
            "keyword": "Then "
          }
        ]
      },
      {
        "line": 10,
        "name": "Smoke Testing",
        "description": "",
        "id": "sit-testing;smoke-testing;;3",
        "type": "scenario",
        "keyword": "Scenario Outline",
        "steps": [
          {
            "result": {
              "duration": 28894206818,
              "status": "passed"
            },
            "line": 3,
            "name": "Open browser and Login page",
            "match": {
              "location": "CucustepsMyn.open_browser_and_Login_page()"
            },
            "keyword": "Given "
          },
          {
            "result": {
              "error_message": "org.openqa.selenium.NoSuchElementException: no such element: Unable to locate element: {\"method\":\"xpath\",\"selector\":\"//input[@id\u003d\u0027u_0_6\u0027]\"}\n  (Session info: chrome\u003d76.0.3809.87)\nFor documentation on this error, please visit: http://seleniumhq.org/exceptions/no_such_element.html\nBuild info: version: \u00273.141.5\u0027, revision: \u0027d54ebd709a\u0027, time: \u00272018-11-06T11:42:16\u0027\nSystem info: host: \u0027JOEL-PC\u0027, ip: \u0027192.168.56.1\u0027, os.name: \u0027Windows 7\u0027, os.arch: \u0027amd64\u0027, os.version: \u00276.1\u0027, java.version: \u00271.8.0_171\u0027\nDriver info: org.openqa.selenium.chrome.ChromeDriver\nCapabilities {acceptInsecureCerts: false, browserName: chrome, browserVersion: 76.0.3809.87, chrome: {chromedriverVersion: 76.0.3809.126 (d80a294506b4..., userDataDir: C:\\Users\\JOELSU~1\\AppData\\L...}, goog:chromeOptions: {debuggerAddress: localhost:51421}, javascriptEnabled: true, networkConnectionEnabled: false, pageLoadStrategy: normal, platform: XP, platformName: XP, proxy: Proxy(), setWindowRect: true, strictFileInteractability: false, timeouts: {implicit: 0, pageLoad: 300000, script: 30000}, unhandledPromptBehavior: dismiss and notify}\nSession ID: cbafb3c3962b726a42ef5316f2dd79c1\n*** Element info: {Using\u003dxpath, value\u003d//input[@id\u003d\u0027u_0_6\u0027]}\r\n\tat sun.reflect.NativeConstructorAccessorImpl.newInstance0(Native Method)\r\n\tat sun.reflect.NativeConstructorAccessorImpl.newInstance(Unknown Source)\r\n\tat sun.reflect.DelegatingConstructorAccessorImpl.newInstance(Unknown Source)\r\n\tat java.lang.reflect.Constructor.newInstance(Unknown Source)\r\n\tat org.openqa.selenium.remote.http.W3CHttpResponseCodec.createException(W3CHttpResponseCodec.java:187)\r\n\tat org.openqa.selenium.remote.http.W3CHttpResponseCodec.decode(W3CHttpResponseCodec.java:122)\r\n\tat org.openqa.selenium.remote.http.W3CHttpResponseCodec.decode(W3CHttpResponseCodec.java:49)\r\n\tat org.openqa.selenium.remote.HttpCommandExecutor.execute(HttpCommandExecutor.java:158)\r\n\tat org.openqa.selenium.remote.service.DriverCommandExecutor.execute(DriverCommandExecutor.java:83)\r\n\tat org.openqa.selenium.remote.RemoteWebDriver.execute(RemoteWebDriver.java:552)\r\n\tat org.openqa.selenium.remote.RemoteWebDriver.findElement(RemoteWebDriver.java:323)\r\n\tat org.openqa.selenium.remote.RemoteWebDriver.findElementByXPath(RemoteWebDriver.java:428)\r\n\tat org.openqa.selenium.By$ByXPath.findElement(By.java:353)\r\n\tat org.openqa.selenium.remote.RemoteWebDriver.findElement(RemoteWebDriver.java:315)\r\n\tat CucumSteps.CucustepsMyn.enter_the_and(CucustepsMyn.java:30)\r\n\tat ✽.Enter the \"Sumanth2\" and \"password\"(MyFeatureFiles/MyCucum.feature:4)\r\n",
              "duration": 1568674521,
              "status": "failed"
            },
            "line": 4,
            "name": "Enter the \"Sumanth2\" and \"password\"",
            "match": {
              "arguments": [
                {
                  "val": "\"Sumanth2\"",
                  "offset": 10
                },
                {
                  "val": "password",
                  "offset": 26
                }
              ],
              "location": "CucustepsMyn.enter_the_and(String,String)"
            },
            "keyword": "When "
          },
          {
            "result": {
              "status": "skipped"
            },
            "line": 5,
            "name": "Successful Login",
            "match": {
              "location": "CucustepsMyn.successful_Login()"
            },
            "keyword": "Then "
          }
        ]
      }
    ],
    "name": "SIT Testing",
    "description": "",
    "id": "sit-testing",
    "keyword": "Feature",
    "uri": "MyFeatureFiles/MyCucum.feature",
    "tags": []
  }
]